src/physics/CollisionObject.cpp:182:29: error: declaration of ‘virtual std::vector<unsigned char> physics::CollisionObject::Serialize() const’ has a different exception specifier
  std::vector<unsigned char> CollisionObject::Serialize() const
                             ^~~~~~~~~~~~~~~
In file included from src/physics/CollisionObject.cpp:2:0:
src/physics/../include/physics/CollisionObject.hpp:55:30: note: from previous declaration ‘virtual std::vector<unsigned char> physics::CollisionObject::Serialize() const noexcept’
    virtual std::vector<byte> Serialize() const noexcept override;
                              ^~~~~~~~~
src/physics/CollisionObject.cpp:213:31: error: prototype for ‘physics::serialization::Serializable* physics::CollisionObject::Deserialize(std::vector<unsigned char>) const’ does not match any in class ‘physics::CollisionObject’
  serialization::Serializable* CollisionObject::Deserialize(std::vector<unsigned char> v) const
                               ^~~~~~~~~~~~~~~
In file included from src/physics/CollisionObject.cpp:2:0:
src/physics/../include/physics/CollisionObject.hpp:51:26: error: candidate is: virtual physics::serialization::Serializable* physics::CollisionObject::Deserialize(const std::vector<unsigned char>&, const size_t&, const size_t&) const
    virtual Serializable* Deserialize(const std::vector<byte>& v,
                          ^~~~~~~~~~~
src/physics/CollisionObject.cpp:264:22: error: prototype for ‘const long unsigned int physics::CollisionObject::TotalByteSize() const’ does not match any in class ‘physics::CollisionObject’
  const unsigned long CollisionObject::TotalByteSize() const noexcept
                      ^~~~~~~~~~~~~~~
In file included from src/physics/CollisionObject.cpp:2:0:
src/physics/../include/physics/CollisionObject.hpp:54:26: error: candidate is: virtual long unsigned int physics::CollisionObject::TotalByteSize() const
    virtual unsigned long TotalByteSize() const noexcept override;
                          ^~~~~~~~~~~~~
In file included from src/physics/Entity.cpp:2:0:
src/physics/../include/physics/Rigidbody.hpp:82:30: error: ‘virtual std::vector<unsigned char> physics::Rigidbody::Serialize() const’ cannot be overloaded
    virtual std::vector<byte> Serialize() const noexcept override;
                              ^~~~~~~~~
src/physics/../include/physics/Rigidbody.hpp:75:77: error: with ‘std::vector<unsigned char> physics::Rigidbody::Serialize() const’
    geometry::Vector GetVelocity() const noexcept;std::vector<unsigned char> Serialize() const override;
                                                                             ^~~~~~~~~
src/physics/../include/physics/Rigidbody.hpp:75:77: error: looser throw specifier for ‘virtual std::vector<unsigned char> physics::Rigidbody::Serialize() const’
In file included from src/physics/../include/physics/Entity.hpp:4:0,
                 from src/physics/Entity.cpp:1:
src/physics/../include/physics/CollisionObject.hpp:55:30: error:   overriding ‘virtual std::vector<unsigned char> physics::CollisionObject::Serialize() const noexcept’
    virtual std::vector<byte> Serialize() const noexcept override;
                              ^~~~~~~~~
src/physics/Entity.cpp:92:29: error: declaration of ‘virtual std::vector<unsigned char> physics::Entity::Serialize() const’ has a different exception specifier
  std::vector<unsigned char> Entity::Serialize() const
                             ^~~~~~
In file included from src/physics/Entity.cpp:1:0:
src/physics/../include/physics/Entity.hpp:41:30: note: from previous declaration ‘virtual std::vector<unsigned char> physics::Entity::Serialize() const noexcept’
    virtual std::vector<byte> Serialize() const noexcept override;
                              ^~~~~~~~~
src/physics/Entity.cpp:124:31: error: prototype for ‘physics::serialization::Serializable* physics::Entity::Deserialize(std::vector<unsigned char>) const’ does not match any in class ‘physics::Entity’
  serialization::Serializable* Entity::Deserialize(std::vector<byte> v) const
                               ^~~~~~
In file included from src/physics/Entity.cpp:1:0:
src/physics/../include/physics/Entity.hpp:37:26: error: candidate is: virtual physics::serialization::Serializable* physics::Entity::Deserialize(const std::vector<unsigned char>&, const size_t&, const size_t&) const
    virtual Serializable* Deserialize(const std::vector<byte>& v,
                          ^~~~~~~~~~~
src/physics/Entity.cpp:124:56: error: ‘typedef unsigned char physics::serialization::Serializable::byte’ is protected within this context
  serialization::Serializable* Entity::Deserialize(std::vector<byte> v) const
                                                        ^~~~~~~~~~~~
In file included from src/physics/../include/physics/Collider.hpp:3:0,
                 from src/physics/../include/physics/BoxCollider.hpp:2,
                 from src/physics/../include/physics/Collision.hpp:5,
                 from src/physics/../include/physics/Entity.hpp:3,
                 from src/physics/Entity.cpp:1:
src/physics/../include/physics/Serializable.hpp:49:26: note: declared protected here
    typedef unsigned char byte;
                          ^~~~
src/physics/Entity.cpp:151:22: error: prototype for ‘const long unsigned int physics::Entity::TotalByteSize() const’ does not match any in class ‘physics::Entity’
  const unsigned long Entity::TotalByteSize() const noexcept
                      ^~~~~~
In file included from src/physics/Entity.cpp:1:0:
src/physics/../include/physics/Entity.hpp:40:26: error: candidate is: virtual long unsigned int physics::Entity::TotalByteSize() const
    virtual unsigned long TotalByteSize() const noexcept override;
                          ^~~~~~~~~~~~~
src/physics/PolygonCollider.cpp:103:2: error: ‘Serializable’ does not name a type
  Serializable* BoxCollider::Deserialize(const std::vector<byte>& v,
  ^~~~~~~~~~~~
src/physics/PolygonCollider.cpp: In member function ‘virtual std::vector<unsigned char> physics::BoxCollider::Serialize() const’:
src/physics/PolygonCollider.cpp:156:38: error: ‘Archive’ has not been declared
   std::vector<unsigned char> bytes = Archive::ReadBytes((reader)&pos.x, sizeof(pos.x));
                                      ^~~~~~~
src/physics/PolygonCollider.cpp:158:11: error: ‘Archive’ has not been declared
   bytes = Archive::ReadBytes((reader)&pos.y, sizeof(pos.y));
           ^~~~~~~
src/physics/PolygonCollider.cpp:160:11: error: ‘Archive’ has not been declared
   bytes = Archive::ReadBytes((reader)&dimensions.x, sizeof(dimensions.x));
           ^~~~~~~
src/physics/PolygonCollider.cpp:162:11: error: ‘Archive’ has not been declared
   bytes = Archive::ReadBytes((reader)&dimensions.y, sizeof(dimensions.y));
           ^~~~~~~
In file included from src/physics/Rigidbody.cpp:1:0:
src/physics/../include/physics/Rigidbody.hpp:82:30: error: ‘virtual std::vector<unsigned char> physics::Rigidbody::Serialize() const’ cannot be overloaded
    virtual std::vector<byte> Serialize() const noexcept override;
                              ^~~~~~~~~
src/physics/../include/physics/Rigidbody.hpp:75:77: error: with ‘std::vector<unsigned char> physics::Rigidbody::Serialize() const’
    geometry::Vector GetVelocity() const noexcept;std::vector<unsigned char> Serialize() const override;
                                                                             ^~~~~~~~~
src/physics/../include/physics/Rigidbody.hpp:75:77: error: looser throw specifier for ‘virtual std::vector<unsigned char> physics::Rigidbody::Serialize() const’
In file included from src/physics/../include/physics/Rigidbody.hpp:2:0,
                 from src/physics/Rigidbody.cpp:1:
src/physics/../include/physics/CollisionObject.hpp:55:30: error:   overriding ‘virtual std::vector<unsigned char> physics::CollisionObject::Serialize() const noexcept’
    virtual std::vector<byte> Serialize() const noexcept override;
                              ^~~~~~~~~
src/physics/Rigidbody.cpp:22:25: error: expected initializer before ‘noexceptin’
  Rigidbody::Rigidbody() noexceptin CollisionObject()
                         ^~~~~~~~~~
src/physics/Rigidbody.cpp:28:29: error: expected initializer before ‘in’
   f64 restitution) noexcept in CollisionObject(t, c, isTrigger)
                             ^~
src/physics/Rigidbody.cpp:39:3: error: expected initializer before ‘in’
   in CollisionObject((const CollisionObject&)r)
   ^~
src/physics/Rigidbody.cpp:355:31: error: prototype for ‘physics::serialization::Serializable* physics::Rigidbody::Deserialize(std::vector<unsigned char>) const’ does not match any in class ‘physics::Rigidbody’
  serialization::Serializable* Rigidbody::Deserialize(std::vector<unsigned char> v) const
                               ^~~~~~~~~
In file included from src/physics/Rigidbody.cpp:1:0:
src/physics/../include/physics/Rigidbody.hpp:78:26: error: candidate is: virtual physics::serialization::Serializable* physics::Rigidbody::Deserialize(const std::vector<unsigned char>&, const size_t&, const size_t&) const
    virtual Serializable* Deserialize(const std::vector<byte>& v,
                          ^~~~~~~~~~~
src/physics/Rigidbody.cpp:368:22: error: prototype for ‘const long unsigned int physics::Rigidbody::TotalByteSize() const’ does not match any in class ‘physics::Rigidbody’
  const unsigned long Rigidbody::TotalByteSize() const noexcept
                      ^~~~~~~~~
In file included from src/physics/Rigidbody.cpp:1:0:
src/physics/../include/physics/Rigidbody.hpp:81:26: error: candidate is: virtual long unsigned int physics::Rigidbody::TotalByteSize() const
    virtual unsigned long TotalByteSize() const noexcept override;
                          ^~~~~~~~~~~~~
In file included from src/physics/../include/physics/World.hpp:3:0,
                 from src/physics/../include/physics/Scene.hpp:7,
                 from src/physics/Scene.cpp:1:
src/physics/../include/physics/Rigidbody.hpp:82:30: error: ‘virtual std::vector<unsigned char> physics::Rigidbody::Serialize() const’ cannot be overloaded
    virtual std::vector<byte> Serialize() const noexcept override;
                              ^~~~~~~~~
src/physics/../include/physics/Rigidbody.hpp:75:77: error: with ‘std::vector<unsigned char> physics::Rigidbody::Serialize() const’
    geometry::Vector GetVelocity() const noexcept;std::vector<unsigned char> Serialize() const override;
                                                                             ^~~~~~~~~
src/physics/../include/physics/Rigidbody.hpp:75:77: error: looser throw specifier for ‘virtual std::vector<unsigned char> physics::Rigidbody::Serialize() const’
In file included from src/physics/../include/physics/Entity.hpp:4:0,
                 from src/physics/../include/physics/Scene.hpp:5,
                 from src/physics/Scene.cpp:1:
src/physics/../include/physics/CollisionObject.hpp:55:30: error:   overriding ‘virtual std::vector<unsigned char> physics::CollisionObject::Serialize() const noexcept’
    virtual std::vector<byte> Serialize() const noexcept override;
                              ^~~~~~~~~
In file included from src/physics/Scene.cpp:1:0:
src/physics/../include/physics/Scene.hpp:38:26: error: wrong number of template arguments (1, should be 2)
    std::array<sf::Texture> _textures;
                          ^
In file included from src/physics/../include/physics/Scene.hpp:2:0,
                 from src/physics/Scene.cpp:1:
/usr/include/c++/7/array:94:12: note: provided for ‘template<class _Tp, long unsigned int _Nm> struct std::array’
     struct array
            ^~~~~
In file included from src/physics/Scene.cpp:1:0:
src/physics/../include/physics/Scene.hpp:48:32: error: wrong number of template arguments (1, should be 2)
    const std::array<sf::Texture>& GetTextures() const noexcept;
                                ^
In file included from src/physics/../include/physics/Scene.hpp:2:0,
                 from src/physics/Scene.cpp:1:
/usr/include/c++/7/array:94:12: note: provided for ‘template<class _Tp, long unsigned int _Nm> struct std::array’
     struct array
            ^~~~~
src/physics/Scene.cpp: In member function ‘void physics::Scene::Smoother::Update(f64)’:
src/physics/Scene.cpp:29:20: error: expected ‘;’ before ‘_s’
   for (auto& ptrin _s->GetEntities())
                    ^~
src/physics/Scene.cpp:29:35: error: could not convert ‘((physics::Scene::Smoother*)this)->physics::Scene::Smoother::_s->physics::Scene::GetEntities()’ from ‘const std::vector<std::unique_ptr<physics::Entity> >’ to ‘bool’
   for (auto& ptrin _s->GetEntities())
                    ~~~~~~~~~~~~~~~^~
src/physics/Scene.cpp:29:37: error: expected ‘;’ before ‘)’ token
   for (auto& ptrin _s->GetEntities())
                                     ^
src/physics/Scene.cpp:31:18: error: ‘ptr’ was not declared in this scope
    Transform t = ptr->GetCollisionObject().GetTransform();
                  ^~~
src/physics/Scene.cpp:31:18: note: suggested alternative: ‘putw’
    Transform t = ptr->GetCollisionObject().GetTransform();
                  ^~~
                  putw
src/physics/Scene.cpp: In member function ‘void physics::Scene::RemoveEntity(physics::Entity&)’:
src/physics/Scene.cpp:84:20: error: expected ‘;’ before ‘_entities’
   for (auto& ptrin _entities)
                    ^~~~~~~~~
src/physics/Scene.cpp:84:20: error: could not convert ‘((physics::Scene*)this)->physics::Scene::_entities’ from ‘std::vector<std::unique_ptr<physics::Entity> >’ to ‘bool’
src/physics/Scene.cpp:84:29: error: expected ‘;’ before ‘)’ token
   for (auto& ptrin _entities)
                             ^
src/physics/Scene.cpp:86:9: error: ‘ptr’ was not declared in this scope
    if (*ptr == e)
         ^~~
src/physics/Scene.cpp:86:9: note: suggested alternative: ‘putw’
    if (*ptr == e)
         ^~~
         putw
src/physics/Scene.cpp: In member function ‘void physics::Scene::Update(f64)’:
src/physics/Scene.cpp:120:22: error: expected ‘;’ before ‘_entities’
     for (auto& ptrin _entities)
                      ^~~~~~~~~
src/physics/Scene.cpp:120:22: error: could not convert ‘((physics::Scene*)this)->physics::Scene::_entities’ from ‘std::vector<std::unique_ptr<physics::Entity> >’ to ‘bool’
src/physics/Scene.cpp:120:31: error: expected ‘;’ before ‘)’ token
     for (auto& ptrin _entities)
                               ^
src/physics/Scene.cpp:122:6: error: ‘ptr’ was not declared in this scope
      ptr->FixedUpdate();
      ^~~
src/physics/Scene.cpp:122:6: note: suggested alternative: ‘putw’
      ptr->FixedUpdate();
      ^~~
      putw
src/physics/Scene.cpp:135:21: error: expected ‘;’ before ‘_entities’
    for (auto& ptrin _entities)
                     ^~~~~~~~~
src/physics/Scene.cpp:135:21: error: could not convert ‘((physics::Scene*)this)->physics::Scene::_entities’ from ‘std::vector<std::unique_ptr<physics::Entity> >’ to ‘bool’
src/physics/Scene.cpp:135:30: error: expected ‘;’ before ‘)’ token
    for (auto& ptrin _entities)
                              ^
src/physics/Scene.cpp:137:19: error: ‘ptr’ was not declared in this scope
     display->Draw(ptr->GetSprite());
                   ^~~
src/physics/Scene.cpp:137:19: note: suggested alternative: ‘putw’
     display->Draw(ptr->GetSprite());
                   ^~~
                   putw
src/physics/Transform.cpp:38:29: error: declaration of ‘virtual std::vector<unsigned char> physics::Transform::Serialize() const’ has a different exception specifier
  std::vector<unsigned char> Transform::Serialize() const
                             ^~~~~~~~~
In file included from src/physics/Transform.cpp:1:0:
src/physics/../include/physics/Transform.hpp:22:29: note: from previous declaration ‘virtual std::vector<unsigned char> physics::Transform::Serialize() const noexcept’
   virtual std::vector<byte> Serialize() const noexcept override;
                             ^~~~~~~~~
src/physics/Transform.cpp:86:22: error: prototype for ‘const long unsigned int physics::Transform::TotalByteSize() const’ does not match any in class ‘physics::Transform’
  const unsigned long Transform::TotalByteSize() const noexcept
                      ^~~~~~~~~
In file included from src/physics/Transform.cpp:1:0:
src/physics/../include/physics/Transform.hpp:21:25: error: candidate is: virtual long unsigned int physics::Transform::TotalByteSize() const
   virtual unsigned long TotalByteSize() const noexcept override;
                         ^~~~~~~~~~~~~
src/physics/Transform.cpp:91:31: error: prototype for ‘physics::serialization::Serializable* physics::Transform::Deserialize(std::vector<unsigned char>) const’ does not match any in class ‘physics::Transform’
  serialization::Serializable* Transform::Deserialize(std::vector<unsigned char> v) const
                               ^~~~~~~~~
In file included from src/physics/Transform.cpp:1:0:
src/physics/../include/physics/Transform.hpp:18:25: error: candidate is: virtual physics::serialization::Serializable* physics::Transform::Deserialize(const std::vector<unsigned char>&, const size_t&, const size_t&) const
   virtual Serializable* Deserialize(const std::vector<byte>& v,
                         ^~~~~~~~~~~
In file included from src/physics/../include/physics/World.hpp:3:0,
                 from src/physics/World.cpp:1:
src/physics/../include/physics/Rigidbody.hpp:82:30: error: ‘virtual std::vector<unsigned char> physics::Rigidbody::Serialize() const’ cannot be overloaded
    virtual std::vector<byte> Serialize() const noexcept override;
                              ^~~~~~~~~
src/physics/../include/physics/Rigidbody.hpp:75:77: error: with ‘std::vector<unsigned char> physics::Rigidbody::Serialize() const’
    geometry::Vector GetVelocity() const noexcept;std::vector<unsigned char> Serialize() const override;
                                                                             ^~~~~~~~~
src/physics/../include/physics/Rigidbody.hpp:75:77: error: looser throw specifier for ‘virtual std::vector<unsigned char> physics::Rigidbody::Serialize() const’
In file included from src/physics/../include/physics/Rigidbody.hpp:2:0,
                 from src/physics/../include/physics/World.hpp:3,
                 from src/physics/World.cpp:1:
src/physics/../include/physics/CollisionObject.hpp:55:30: error:   overriding ‘virtual std::vector<unsigned char> physics::CollisionObject::Serialize() const noexcept’
    virtual std::vector<byte> Serialize() const noexcept override;
                              ^~~~~~~~~
src/physics/World.cpp: In member function ‘virtual void physics::ImpulseSolver::Solve(std::vector<physics::Collision>&, f64)’:
src/physics/World.cpp:44:23: error: expected ‘;’ before ‘collisions’
   for (Collision& cin collisions)
                       ^~~~~~~~~~
src/physics/World.cpp:44:23: error: could not convert ‘collisions’ from ‘std::vector<physics::Collision>’ to ‘bool’
src/physics/World.cpp:44:33: error: expected ‘;’ before ‘)’ token
   for (Collision& cin collisions)
                                 ^
src/physics/World.cpp:46:9: error: ‘c’ was not declared in this scope
    if (!c.a->IsDynamic() || !c.b->IsDynamic()) continue;
         ^
src/physics/World.cpp:47:32: error: ‘c’ was not declared in this scope
    Rigidbody* a = (Rigidbody*) c.a;
                                ^
src/physics/World.cpp:49:76: error: expected ‘:’ before ‘in’
    f64 e = a->GetRestitution() > b->GetRestitution() ? a->GetRestitution() in b->GetRestitution();
                                                                            ^~
src/physics/World.cpp:49:76: error: ‘in’ was not declared in this scope
src/physics/World.cpp:49:76: note: suggested alternative: ‘yn’
    f64 e = a->GetRestitution() > b->GetRestitution() ? a->GetRestitution() in b->GetRestitution();
                                                                            ^~
                                                                            yn
src/physics/World.cpp: In member function ‘virtual void physics::PositionalCorrectionSolver::Solve(std::vector<physics::Collision>&, f64)’:
src/physics/World.cpp:57:23: error: expected ‘;’ before ‘collisions’
   for (Collision& cin collisions)
                       ^~~~~~~~~~
src/physics/World.cpp:57:23: error: could not convert ‘collisions’ from ‘std::vector<physics::Collision>’ to ‘bool’
src/physics/World.cpp:57:33: error: expected ‘;’ before ‘)’ token
   for (Collision& cin collisions)
                                 ^
src/physics/World.cpp:59:9: error: ‘c’ was not declared in this scope
    if (!c.a->IsDynamic() || !c.b->IsDynamic()) continue;
         ^
src/physics/World.cpp:60:32: error: ‘c’ was not declared in this scope
    Rigidbody* a = (Rigidbody*) c.a;
                                ^
src/physics/World.cpp: In function ‘T physics::getMin(std::vector<T>&)’:
src/physics/World.cpp:79:17: error: expected ‘;’ before ‘v’
   for (T itemin v)
                 ^
src/physics/World.cpp:79:18: error: expected ‘;’ before ‘)’ token
   for (T itemin v)
                  ^
src/physics/World.cpp:82:14: error: ‘item’ was not declared in this scope
     minVal = item; reachedVal = true; continue;
              ^~~~
src/physics/World.cpp:82:14: note: suggested alternative: ‘itemin’
     minVal = item; reachedVal = true; continue;
              ^~~~
              itemin
src/physics/World.cpp:83:17: error: ‘item’ was not declared in this scope
    if (minVal > item)
                 ^~~~
src/physics/World.cpp:83:17: note: suggested alternative: ‘itemin’
    if (minVal > item)
                 ^~~~
                 itemin
src/physics/World.cpp: In function ‘T physics::getMax(std::vector<T>&)’:
src/physics/World.cpp:94:17: error: expected ‘;’ before ‘v’
   for (T itemin v)
                 ^
src/physics/World.cpp:94:18: error: expected ‘;’ before ‘)’ token
   for (T itemin v)
                  ^
src/physics/World.cpp:98:14: error: ‘item’ was not declared in this scope
     maxVal = item;
              ^~~~
src/physics/World.cpp:98:14: note: suggested alternative: ‘itemin’
     maxVal = item;
              ^~~~
              itemin
src/physics/World.cpp:102:17: error: ‘item’ was not declared in this scope
    if (maxVal < item)
                 ^~~~
src/physics/World.cpp:102:17: note: suggested alternative: ‘itemin’
    if (maxVal < item)
                 ^~~~
                 itemin
src/physics/World.cpp: In member function ‘void physics::CollisionWorld::ResolveCollisions(f64)’:
src/physics/World.cpp:141:18: error: expected ‘;’ before ‘_objects’
   for (auto& ain _objects)
                  ^~~~~~~~
src/physics/World.cpp:141:18: error: could not convert ‘((physics::CollisionWorld*)this)->physics::CollisionWorld::_objects’ from ‘std::vector<physics::CollisionObject*>’ to ‘bool’
src/physics/World.cpp:141:26: error: expected ‘;’ before ‘)’ token
   for (auto& ain _objects)
                          ^
src/physics/World.cpp:143:19: error: expected ‘;’ before ‘_objects’
    for (auto& bin _objects)
                   ^~~~~~~~
src/physics/World.cpp:143:19: error: could not convert ‘((physics::CollisionWorld*)this)->physics::CollisionWorld::_objects’ from ‘std::vector<physics::CollisionObject*>’ to ‘bool’
src/physics/World.cpp:143:27: error: expected ‘;’ before ‘)’ token
    for (auto& bin _objects)
                           ^
src/physics/World.cpp:145:9: error: ‘a’ was not declared in this scope
     if (a == b) break;
         ^
src/physics/World.cpp:145:14: error: ‘b’ was not declared in this scope
     if (a == b) break;
              ^
src/physics/World.cpp:149:22: error: ‘a’ was not declared in this scope
     Collider& cldr = a->GetCollider();
                      ^
src/physics/World.cpp:163:12: error: ‘b’ was not declared in this scope
     cldr = b->GetCollider();
            ^
src/physics/World.cpp:194:22: error: expected ‘;’ before ‘_solvers’
   for (auto solverin _solvers)
                      ^~~~~~~~
src/physics/World.cpp:194:22: error: could not convert ‘((physics::CollisionWorld*)this)->physics::CollisionWorld::_solvers’ from ‘std::vector<physics::Solver*>’ to ‘bool’
src/physics/World.cpp:194:30: error: expected ‘;’ before ‘)’ token
   for (auto solverin _solvers)
                              ^
src/physics/World.cpp:196:4: error: ‘solver’ was not declared in this scope
    solver->Solve(collisions, dt);
    ^~~~~~
src/physics/World.cpp:196:4: note: suggested alternative: ‘Solver’
    solver->Solve(collisions, dt);
    ^~~~~~
    Solver
src/physics/World.cpp: In member function ‘void physics::CollisionWorld::SendCollisionCallBacks(std::vector<physics::Collision>&, f64)’:
src/physics/World.cpp:231:21: error: expected ‘;’ before ‘in’
   for (Collision& c in collisions)
                     ^~
src/physics/World.cpp:231:21: error: ‘in’ was not declared in this scope
src/physics/World.cpp:231:21: note: suggested alternative: ‘yn’
   for (Collision& c in collisions)
                     ^~
                     yn
src/physics/World.cpp:231:24: error: expected ‘;’ before ‘collisions’
   for (Collision& c in collisions)
                        ^~~~~~~~~~
src/physics/World.cpp: In member function ‘void physics::DynamicsWorld::ApplyGravity(f64)’:
src/physics/World.cpp:253:20: error: expected ‘;’ before ‘_objects’
   for (auto& objin _objects)
                    ^~~~~~~~
src/physics/World.cpp:253:20: error: could not convert ‘((physics::DynamicsWorld*)this)->physics::DynamicsWorld::<anonymous>.physics::CollisionWorld::_objects’ from ‘std::vector<physics::CollisionObject*>’ to ‘bool’
src/physics/World.cpp:253:28: error: expected ‘;’ before ‘)’ token
   for (auto& objin _objects)
                            ^
src/physics/World.cpp:255:9: error: ‘obj’ was not declared in this scope
    if (!obj->IsDynamic()) continue;
         ^~~
src/physics/World.cpp:256:40: error: ‘obj’ was not declared in this scope
    Rigidbody* rigidbody = (Rigidbody*) obj;
                                        ^~~
src/physics/World.cpp: In member function ‘void physics::DynamicsWorld::MoveObjects(f64)’:
src/physics/World.cpp:264:20: error: expected ‘;’ before ‘_objects’
   for (auto& objin _objects)
                    ^~~~~~~~
src/physics/World.cpp:264:20: error: could not convert ‘((physics::DynamicsWorld*)this)->physics::DynamicsWorld::<anonymous>.physics::CollisionWorld::_objects’ from ‘std::vector<physics::CollisionObject*>’ to ‘bool’
src/physics/World.cpp:264:28: error: expected ‘;’ before ‘)’ token
   for (auto& objin _objects)
                            ^
src/physics/World.cpp:266:9: error: ‘obj’ was not declared in this scope
    if (!obj->IsDynamic()) continue;
         ^~~
src/physics/World.cpp:267:39: error: ‘obj’ was not declared in this scope
    Rigidbody* rigidbody = (Rigidbody*)obj;
                                       ^~~
make: *** [checkSyntax] Error 1
